TN:
SF:routes/listings.ts
FN:24,(anonymous_1)
FN:34,(anonymous_2)
FN:44,(anonymous_3)
FN:53,(anonymous_4)
FN:55,(anonymous_5)
FN:62,(anonymous_6)
FN:69,(anonymous_7)
FN:77,(anonymous_8)
FN:80,(anonymous_9)
FN:88,(anonymous_10)
FN:96,(anonymous_11)
FN:102,(anonymous_12)
FN:141,(anonymous_13)
FN:152,(anonymous_14)
FN:159,(anonymous_15)
FN:161,(anonymous_16)
FN:172,(anonymous_17)
FN:177,(anonymous_18)
FN:189,(anonymous_19)
FN:201,(anonymous_20)
FN:216,(anonymous_21)
FN:223,(anonymous_22)
FN:232,(anonymous_23)
FN:247,(anonymous_24)
FN:254,(anonymous_25)
FN:264,(anonymous_26)
FNF:26
FNH:25
FNDA:2,(anonymous_1)
FNDA:3,(anonymous_2)
FNDA:2,(anonymous_3)
FNDA:1,(anonymous_4)
FNDA:1,(anonymous_5)
FNDA:6,(anonymous_6)
FNDA:5,(anonymous_7)
FNDA:2,(anonymous_8)
FNDA:2,(anonymous_9)
FNDA:1,(anonymous_10)
FNDA:5,(anonymous_11)
FNDA:5,(anonymous_12)
FNDA:3,(anonymous_13)
FNDA:2,(anonymous_14)
FNDA:1,(anonymous_15)
FNDA:1,(anonymous_16)
FNDA:4,(anonymous_17)
FNDA:4,(anonymous_18)
FNDA:2,(anonymous_19)
FNDA:3,(anonymous_20)
FNDA:2,(anonymous_21)
FNDA:1,(anonymous_22)
FNDA:3,(anonymous_23)
FNDA:2,(anonymous_24)
FNDA:1,(anonymous_25)
FNDA:0,(anonymous_26)
DA:1,2
DA:2,2
DA:3,2
DA:4,2
DA:6,2
DA:8,2
DA:9,2
DA:10,2
DA:11,2
DA:14,2
DA:24,2
DA:25,2
DA:26,0
DA:27,0
DA:29,2
DA:30,2
DA:34,2
DA:35,3
DA:37,3
DA:38,1
DA:42,2
DA:44,2
DA:45,2
DA:46,1
DA:48,1
DA:49,1
DA:52,1
DA:53,1
DA:55,1
DA:56,1
DA:62,2
DA:63,6
DA:65,6
DA:67,5
DA:69,5
DA:70,5
DA:71,3
DA:73,2
DA:76,2
DA:77,2
DA:78,2
DA:80,2
DA:81,2
DA:86,1
DA:88,1
DA:89,1
DA:90,1
DA:96,2
DA:97,5
DA:98,5
DA:101,5
DA:102,5
DA:103,5
DA:104,1
DA:105,1
DA:108,4
DA:109,1
DA:113,3
DA:114,3
DA:116,3
DA:117,3
DA:118,3
DA:120,3
DA:121,3
DA:122,3
DA:124,3
DA:125,3
DA:126,3
DA:128,3
DA:129,3
DA:130,3
DA:132,3
DA:133,3
DA:134,3
DA:137,3
DA:138,3
DA:139,3
DA:141,3
DA:142,3
DA:143,1
DA:144,1
DA:150,3
DA:151,2
DA:152,2
DA:153,2
DA:154,1
DA:155,1
DA:158,1
DA:159,1
DA:161,1
DA:162,1
DA:166,1
DA:172,2
DA:173,4
DA:176,4
DA:177,4
DA:178,4
DA:179,1
DA:180,1
DA:183,3
DA:184,1
DA:188,2
DA:189,2
DA:190,2
DA:191,1
DA:192,1
DA:195,1
DA:201,2
DA:202,3
DA:203,3
DA:204,1
DA:207,2
DA:216,2
DA:217,2
DA:218,1
DA:219,1
DA:223,1
DA:224,1
DA:227,1
DA:232,2
DA:233,3
DA:234,3
DA:235,1
DA:238,2
DA:247,2
DA:248,2
DA:249,1
DA:250,1
DA:254,1
DA:255,1
DA:258,1
DA:262,2
DA:263,2
DA:264,0
DA:265,0
DA:269,2
LF:136
LH:132
BRDA:25,0,0,0
BRDA:37,1,0,1
BRDA:37,2,0,3
BRDA:37,2,1,2
BRDA:37,2,2,2
BRDA:37,2,3,2
BRDA:37,2,4,2
BRDA:44,3,0,2
BRDA:44,3,1,0
BRDA:44,4,0,2
BRDA:44,4,1,0
BRDA:44,5,0,2
BRDA:44,5,1,0
BRDA:45,6,0,1
BRDA:65,7,0,5
BRDA:65,7,1,1
BRDA:70,8,0,2
BRDA:71,9,0,1
BRDA:78,10,0,0
BRDA:89,11,0,0
BRDA:103,12,0,1
BRDA:108,13,0,1
BRDA:116,14,0,3
BRDA:120,15,0,3
BRDA:124,16,0,3
BRDA:128,17,0,3
BRDA:132,18,0,3
BRDA:137,19,0,3
BRDA:142,20,0,1
BRDA:150,21,0,2
BRDA:150,21,1,1
BRDA:150,22,0,3
BRDA:150,22,1,2
BRDA:153,23,0,1
BRDA:178,24,0,1
BRDA:183,25,0,1
BRDA:190,26,0,1
BRDA:203,27,0,1
BRDA:217,28,0,1
BRDA:224,29,0,1
BRDA:224,29,1,0
BRDA:234,30,0,1
BRDA:248,31,0,1
BRDA:255,32,0,1
BRDA:255,32,1,0
BRDA:262,33,0,2
BRDA:262,33,1,0
BRDA:262,34,0,2
BRDA:262,34,1,2
BRDA:263,35,0,0
BRF:50
BRH:40
end_of_record
