TN:
SF:routes/chatRoutes.ts
FN:7,(anonymous_8)
FN:7,(anonymous_9)
FN:23,(anonymous_10)
FN:23,(anonymous_11)
FN:39,(anonymous_12)
FN:39,(anonymous_13)
FN:51,(anonymous_14)
FN:51,(anonymous_15)
FNF:8
FNH:8
FNDA:3,(anonymous_8)
FNDA:3,(anonymous_9)
FNDA:4,(anonymous_10)
FNDA:4,(anonymous_11)
FNDA:2,(anonymous_12)
FNDA:2,(anonymous_13)
FNDA:4,(anonymous_14)
FNDA:4,(anonymous_15)
DA:1,2
DA:2,2
DA:4,2
DA:7,3
DA:8,3
DA:9,3
DA:10,1
DA:13,2
DA:14,2
DA:15,1
DA:17,1
DA:18,1
DA:23,4
DA:24,4
DA:25,4
DA:26,2
DA:29,2
DA:30,2
DA:31,1
DA:33,1
DA:34,1
DA:39,2
DA:40,2
DA:41,2
DA:42,2
DA:43,1
DA:45,1
DA:46,1
DA:51,4
DA:52,4
DA:53,4
DA:55,4
DA:56,2
DA:59,2
DA:60,2
DA:61,1
DA:63,1
DA:64,1
DA:68,2
LF:39
LH:39
BRDA:9,0,0,1
BRDA:9,1,0,3
BRDA:9,1,1,3
BRDA:25,2,0,2
BRDA:55,3,0,2
BRDA:55,4,0,4
BRDA:55,4,1,4
BRDA:55,4,2,3
BRF:8
BRH:8
end_of_record
