TN:
SF:db.ts
FNF:0
FNH:0
DA:1,1
DA:2,1
DA:3,1
DA:5,1
DA:15,1
LF:5
LH:5
BRF:0
BRH:0
end_of_record
TN:
SF:server.ts
FN:17,(anonymous_1)
FNF:1
FNH:0
FNDA:0,(anonymous_1)
DA:1,1
DA:2,1
DA:3,1
DA:4,1
DA:5,1
DA:7,1
DA:9,1
DA:10,1
DA:11,1
DA:12,1
DA:13,1
DA:15,1
DA:16,1
DA:17,0
DA:18,0
DA:22,1
LF:16
LH:14
BRDA:15,0,0,1
BRDA:15,0,1,0
BRDA:15,1,0,1
BRDA:15,1,1,1
BRDA:16,2,0,0
BRF:5
BRH:3
end_of_record
TN:
SF:models/chat.ts
FN:5,startChat
FN:10,findChat
FN:16,getChatHistory
FN:22,getUserChats
FN:32,sendMessage
FNF:5
FNH:3
FNDA:0,startChat
FNDA:0,findChat
FNDA:1,getChatHistory
FNDA:1,getUserChats
FNDA:1,sendMessage
DA:2,2
DA:5,2
DA:6,0
DA:7,0
DA:10,2
DA:11,0
DA:12,0
DA:16,2
DA:17,1
DA:18,0
DA:22,2
DA:23,1
DA:28,0
DA:32,2
DA:33,1
LF:15
LH:9
BRDA:12,0,0,0
BRDA:12,0,1,0
BRF:2
BRH:0
end_of_record
TN:
SF:routes/chatRoutes.ts
FN:9,(anonymous_8)
FN:9,(anonymous_9)
FN:44,(anonymous_10)
FN:44,(anonymous_11)
FN:60,(anonymous_12)
FN:60,(anonymous_13)
FN:72,(anonymous_14)
FN:72,(anonymous_15)
FN:85,(anonymous_16)
FNF:9
FNH:8
FNDA:2,(anonymous_8)
FNDA:2,(anonymous_9)
FNDA:5,(anonymous_10)
FNDA:5,(anonymous_11)
FNDA:3,(anonymous_12)
FNDA:3,(anonymous_13)
FNDA:5,(anonymous_14)
FNDA:5,(anonymous_15)
FNDA:0,(anonymous_16)
DA:1,2
DA:2,2
DA:3,2
DA:4,2
DA:6,2
DA:9,2
DA:10,2
DA:11,2
DA:13,2
DA:14,0
DA:18,2
DA:21,2
DA:22,0
DA:23,0
DA:26,2
DA:27,1
DA:30,1
DA:33,1
DA:35,1
DA:38,1
DA:39,1
DA:44,5
DA:45,5
DA:46,5
DA:47,2
DA:50,3
DA:51,3
DA:52,1
DA:54,2
DA:55,2
DA:60,3
DA:61,3
DA:62,3
DA:63,3
DA:64,1
DA:66,2
DA:67,2
DA:72,5
DA:73,5
DA:74,5
DA:76,5
DA:77,2
DA:80,3
DA:81,3
DA:84,2
DA:85,1
DA:86,0
DA:87,0
DA:92,2
DA:94,1
DA:95,1
DA:99,2
LF:52
LH:47
BRDA:13,0,0,0
BRDA:13,1,0,2
BRDA:13,1,1,2
BRDA:21,2,0,0
BRDA:21,2,1,2
BRDA:46,3,0,2
BRDA:76,4,0,2
BRDA:76,5,0,5
BRDA:76,5,1,5
BRDA:76,5,2,4
BRDA:84,6,0,1
BRDA:86,7,0,0
BRF:12
BRH:9
end_of_record
